2026-03-07 04:17 PM - ERROR -- API Key missing in .env file.
2026-03-07 04:17 PM - INFO -- Initiating get_weekly call for ticker WDC...
2026-03-07 04:17 PM - INFO -- Successfully retrieved data for WDC.
2026-03-07 04:18 PM - INFO -- Initiating get_weekly call for ticker WDC...
2026-03-07 04:18 PM - INFO -- Successfully retrieved data for WDC.
2026-03-07 06:22 PM - ERROR -- Method name incorrect. Check your input.
2026-03-07 10:24 PM - INFO -- Initiating get_daily for WDC...
2026-03-07 10:24 PM - INFO -- Successfully retrieved data for WDC.
2026-03-07 10:29 PM - INFO -- Initiating get_daily for WDC...
2026-03-07 10:29 PM - INFO -- Successfully retrieved data for WDC.
2026-03-07 10:32 PM - INFO -- Initiating get_daily for WDC...
2026-03-07 10:32 PM - INFO -- Successfully retrieved data for WDC.
2026-03-07 10:33 PM - INFO -- Initiating get_daily for WDC...
2026-03-07 10:33 PM - INFO -- Successfully retrieved data for WDC.
2026-03-07 10:35 PM - ERROR -- Method 'dely' is incorrect. Check your input.
2026-03-07 10:38 PM - ERROR -- Method 'daily, weekly' is incorrect. Check your input.
2026-03-07 10:38 PM - ERROR -- Method 'daily weekly' is incorrect. Check your input.
2026-03-07 10:43 PM - INFO -- Initiating get_intraday for WDC...
2026-03-07 10:43 PM - ERROR -- Invalid parameters for WDC: Thank you for using Alpha Vantage! This is a premium endpoint. You may subscribe to any of the premium plans at https://www.alphavantage.co/premium/ to instantly unlock all premium endpoints
2026-03-07 10:43 PM - INFO -- Initiating get_daily for WDC...
2026-03-07 10:43 PM - INFO -- Successfully retrieved data for WDC.
2026-03-07 10:44 PM - INFO -- Initiating get_daily_adjusted for WDC...
2026-03-07 10:44 PM - ERROR -- Invalid parameters for WDC: Thank you for using Alpha Vantage! This is a premium endpoint. You may subscribe to any of the premium plans at https://www.alphavantage.co/premium/ to instantly unlock all premium endpoints
2026-03-07 10:44 PM - INFO -- Initiating get_weekly for WDC...
2026-03-07 10:44 PM - INFO -- Successfully retrieved data for WDC.
2026-03-07 10:44 PM - INFO -- Initiating get_weekly_adjusted for WDC...
2026-03-07 10:44 PM - INFO -- Successfully retrieved data for WDC.
2026-03-07 10:44 PM - INFO -- Initiating get_monthly for WDC...
2026-03-07 10:44 PM - INFO -- Successfully retrieved data for WDC.
2026-03-07 10:44 PM - INFO -- Initiating get_monthly_adjusted for WDC...
2026-03-07 10:44 PM - INFO -- Successfully retrieved data for WDC.
2026-03-07 10:46 PM - INFO -- Initiating get_daily for WDC...
2026-03-07 10:46 PM - INFO -- Successfully retrieved data for WDC.
